TN:
SF:src/app.ts
FN:26,(anonymous_1)
FN:37,init
FN:42,close
FNF:3
FNH:2
FNDA:1,(anonymous_1)
FNDA:11,init
FNDA:0,close
DA:1,11
DA:2,11
DA:3,11
DA:4,11
DA:6,11
DA:8,11
DA:10,11
DA:11,11
DA:20,11
DA:22,11
DA:23,11
DA:26,1
DA:37,11
DA:38,11
DA:39,11
DA:42,11
DA:43,0
DA:46,11
LF:18
LH:17
BRF:0
BRH:0
end_of_record
TN:
SF:src/server.ts
FN:5,(anonymous_6)
FN:6,(anonymous_7)
FNF:2
FNH:0
FNDA:0,(anonymous_6)
FNDA:0,(anonymous_7)
DA:1,0
DA:3,0
DA:5,0
DA:6,0
DA:8,0
LF:5
LH:0
BRDA:3,0,0,0
BRDA:3,0,1,0
BRF:2
BRH:0
end_of_record
TN:
SF:src/config/database.ts
FN:4,connectDb
FN:8,disconnectDB
FNF:2
FNH:1
FNDA:11,connectDb
FNDA:0,disconnectDB
DA:1,14
DA:4,14
DA:5,11
DA:8,14
DA:9,0
LF:5
LH:4
BRF:0
BRH:0
end_of_record
TN:
SF:src/config/envs.ts
FN:4,loadEnv
FNF:1
FNH:1
FNDA:25,loadEnv
DA:1,14
DA:2,14
DA:4,14
DA:6,25
DA:12,25
DA:13,25
LF:6
LH:6
BRDA:6,0,0,25
BRDA:6,0,1,0
BRDA:8,1,0,0
BRDA:8,1,1,0
BRF:4
BRH:1
end_of_record
TN:
SF:src/config/index.ts
FNF:0
FNH:0
DA:1,14
DA:2,14
LF:2
LH:2
BRF:0
BRH:0
end_of_record
TN:
SF:src/controllers/authentication-controller.ts
FN:5,singInPost
FNF:1
FNH:1
FNDA:5,singInPost
DA:2,11
DA:3,11
DA:5,11
DA:6,5
DA:8,5
DA:9,5
DA:11,3
DA:13,2
LF:8
LH:8
BRF:0
BRH:0
end_of_record
TN:
SF:src/controllers/booking-controller.ts
FN:6,getBooking
FN:20,postBooking
FN:38,updateBooking
FNF:3
FNH:3
FNDA:2,getBooking
FNDA:8,postBooking
FNDA:10,updateBooking
DA:1,11
DA:4,11
DA:6,11
DA:7,2
DA:9,2
DA:10,2
DA:11,1
DA:13,1
DA:14,1
DA:16,0
DA:20,11
DA:21,8
DA:22,8
DA:24,8
DA:25,8
DA:26,1
DA:28,7
DA:29,1
DA:31,6
DA:32,6
DA:34,0
DA:38,11
DA:39,10
DA:40,10
DA:41,10
DA:43,10
DA:44,10
DA:45,1
DA:47,9
DA:48,1
DA:50,8
DA:51,8
DA:53,0
LF:33
LH:30
BRDA:13,0,0,1
BRDA:28,1,0,1
BRDA:31,2,0,6
BRDA:47,3,0,1
BRDA:50,4,0,8
BRF:5
BRH:5
end_of_record
TN:
SF:src/controllers/enrollments-controller.ts
FN:6,getEnrollmentByUser
FN:18,postCreateOrUpdateEnrollment
FN:31,getAddressFromCEP
FNF:3
FNH:3
FNDA:2,getEnrollmentByUser
FNDA:2,postCreateOrUpdateEnrollment
FNDA:2,getAddressFromCEP
DA:2,11
DA:4,11
DA:6,11
DA:7,2
DA:9,2
DA:10,2
DA:12,1
DA:14,1
DA:18,11
DA:19,2
DA:20,2
DA:25,2
DA:27,0
DA:31,11
DA:32,2
DA:34,2
DA:35,2
DA:36,1
DA:38,1
DA:39,1
DA:41,0
DA:42,0
LF:22
LH:19
BRDA:38,0,0,1
BRDA:41,1,0,0
BRF:2
BRH:1
end_of_record
TN:
SF:src/controllers/events-controller.ts
FN:5,getDefaultEvent
FNF:1
FNH:1
FNDA:2,getDefaultEvent
DA:2,11
DA:3,11
DA:5,11
DA:6,2
DA:7,2
DA:8,1
DA:10,1
LF:7
LH:7
BRF:0
BRH:0
end_of_record
TN:
SF:src/controllers/hotels-controller.ts
FN:6,getHotels
FN:18,getHotelWithRooms
FNF:2
FNH:2
FNDA:7,getHotels
FNDA:7,getHotelWithRooms
DA:2,11
DA:4,11
DA:6,11
DA:7,7
DA:9,7
DA:10,7
DA:11,1
DA:13,6
DA:14,3
DA:18,11
DA:19,7
DA:20,7
DA:22,7
DA:23,7
DA:24,1
DA:26,6
DA:27,3
LF:17
LH:17
BRDA:13,0,0,3
BRDA:14,1,0,3
BRDA:26,2,0,3
BRDA:27,3,0,3
BRF:4
BRH:4
end_of_record
TN:
SF:src/controllers/index.ts
FNF:0
FNH:0
DA:1,11
DA:2,11
DA:3,11
DA:4,11
DA:5,11
DA:6,11
DA:7,11
LF:7
LH:7
BRF:0
BRH:0
end_of_record
TN:
SF:src/controllers/payments-controller.ts
FN:7,getPaymentWithTicketId
FN:27,postPayment
FNF:2
FNH:2
FNDA:4,getPaymentWithTicketId
FNDA:5,postPayment
DA:2,11
DA:4,11
DA:7,11
DA:8,4
DA:9,4
DA:10,4
DA:11,4
DA:12,1
DA:14,3
DA:15,1
DA:17,2
DA:18,1
DA:20,1
DA:21,1
DA:23,0
DA:27,11
DA:28,5
DA:29,5
DA:31,5
DA:32,5
DA:33,3
DA:35,2
DA:36,1
DA:38,1
DA:39,1
DA:41,0
LF:26
LH:24
BRDA:14,0,0,1
BRDA:17,1,0,1
BRDA:20,2,0,1
BRDA:35,3,0,1
BRDA:38,4,0,1
BRF:5
BRH:5
end_of_record
TN:
SF:src/controllers/tickets-controller.ts
FN:6,getTicketTypes
FN:15,getTicketsByUser
FN:28,create
FNF:3
FNH:3
FNDA:2,getTicketTypes
FNDA:3,getTicketsByUser
FNDA:3,create
DA:2,11
DA:4,11
DA:6,11
DA:7,2
DA:8,2
DA:9,2
DA:11,0
DA:15,11
DA:16,3
DA:17,3
DA:18,3
DA:19,1
DA:21,2
DA:22,2
DA:24,0
DA:28,11
DA:29,3
DA:30,3
DA:31,3
DA:32,3
DA:33,2
DA:35,1
DA:36,1
DA:38,0
LF:24
LH:21
BRDA:21,0,0,2
BRDA:35,1,0,1
BRF:2
BRH:2
end_of_record
TN:
SF:src/controllers/users-controller.ts
FN:5,usersPost
FNF:1
FNH:1
FNDA:6,usersPost
DA:2,11
DA:3,11
DA:5,11
DA:6,6
DA:8,6
DA:9,6
DA:10,3
DA:15,3
DA:16,1
DA:18,2
LF:10
LH:10
BRDA:15,0,0,1
BRF:1
BRH:1
end_of_record
TN:
SF:src/errors/cannot-enroll-before-start-date-error.ts
FN:3,cannotEnrollBeforeStartDateError
FNF:1
FNH:1
FNDA:2,cannotEnrollBeforeStartDateError
DA:3,11
DA:4,2
LF:2
LH:2
BRF:0
BRH:0
end_of_record
TN:
SF:src/errors/conflict-error.ts
FN:3,conflictError
FNF:1
FNH:0
FNDA:0,conflictError
DA:3,11
DA:4,0
LF:2
LH:1
BRF:0
BRH:0
end_of_record
TN:
SF:src/errors/forbidden-error.ts
FN:3,forbiddenError
FNF:1
FNH:1
FNDA:14,forbiddenError
DA:3,11
DA:4,14
LF:2
LH:2
BRF:0
BRH:0
end_of_record
TN:
SF:src/errors/index.ts
FNF:0
FNH:0
DA:1,11
DA:2,11
DA:3,11
DA:4,11
DA:5,11
DA:6,11
DA:7,11
DA:8,11
DA:9,11
DA:10,11
DA:11,11
LF:11
LH:11
BRF:0
BRH:0
end_of_record
TN:
SF:src/errors/invalid-data-error.ts
FN:3,invalidDataError
FNF:1
FNH:1
FNDA:10,invalidDataError
DA:3,11
DA:4,10
LF:2
LH:2
BRF:0
BRH:0
end_of_record
TN:
SF:src/errors/invalid-email-error.ts
FN:3,invalidEmailError
FNF:1
FNH:0
FNDA:0,invalidEmailError
DA:3,11
DA:4,0
LF:2
LH:1
BRF:0
BRH:0
end_of_record
TN:
SF:src/errors/no-content-error.ts
FN:3,noContentError
FNF:1
FNH:0
FNDA:0,noContentError
DA:3,11
DA:4,0
LF:2
LH:1
BRF:0
BRH:0
end_of_record
TN:
SF:src/errors/not-found-error.ts
FN:3,notFoundError
FNF:1
FNH:1
FNDA:17,notFoundError
DA:3,11
DA:4,17
LF:2
LH:2
BRF:0
BRH:0
end_of_record
TN:
SF:src/errors/payment-required-error.ts
FN:3,paymentRequiredError
FNF:1
FNH:1
FNDA:6,paymentRequiredError
DA:3,11
DA:4,6
LF:2
LH:2
BRF:0
BRH:0
end_of_record
TN:
SF:src/errors/request-error.ts
FN:3,requestError
FNF:1
FNH:1
FNDA:1,requestError
DA:3,11
DA:4,1
LF:2
LH:2
BRF:0
BRH:0
end_of_record
TN:
SF:src/errors/ticket-not-sended-error.ts
FN:3,ticketNotSended
FNF:1
FNH:1
FNDA:1,ticketNotSended
DA:3,11
DA:4,1
LF:2
LH:2
BRF:0
BRH:0
end_of_record
TN:
SF:src/errors/unauthorized-error.ts
FN:3,unauthorizedError
FNF:1
FNH:1
FNDA:38,unauthorizedError
DA:3,11
DA:4,38
LF:2
LH:2
BRF:0
BRH:0
end_of_record
TN:
SF:src/middlewares/authentication-middleware.ts
FN:8,authenticateToken
FN:33,generateUnauthorizedResponse
FNF:2
FNH:2
FNDA:97,authenticateToken
FNDA:36,generateUnauthorizedResponse
DA:2,11
DA:3,11
DA:5,11
DA:6,11
DA:8,11
DA:9,97
DA:10,97
DA:12,85
DA:13,85
DA:15,85
DA:16,85
DA:18,73
DA:23,73
DA:25,61
DA:27,61
DA:29,12
DA:34,36
LF:17
LH:17
BRDA:10,0,0,12
BRDA:13,1,0,0
BRDA:23,2,0,12
BRF:3
BRH:2
end_of_record
TN:
SF:src/middlewares/error-handling-middleware.ts
FN:5,handleApplicationErrors
FNF:1
FNH:0
FNDA:0,handleApplicationErrors
DA:2,11
DA:5,11
DA:6,0
DA:7,0
DA:12,0
DA:13,0
DA:18,0
DA:19,0
DA:24,0
DA:25,0
DA:30,0
DA:31,0
DA:37,0
DA:38,0
LF:14
LH:2
BRDA:6,0,0,0
BRDA:12,1,0,0
BRDA:12,2,0,0
BRDA:12,2,1,0
BRDA:18,3,0,0
BRDA:24,4,0,0
BRDA:30,5,0,0
BRF:7
BRH:0
end_of_record
TN:
SF:src/middlewares/index.ts
FNF:0
FNH:0
DA:1,11
DA:2,11
DA:3,11
LF:3
LH:3
BRF:0
BRH:0
end_of_record
TN:
SF:src/middlewares/validation-middleware.ts
FN:6,validateBody
FN:10,validateParams
FN:14,validate
FN:15,(anonymous_4)
FN:23,(anonymous_5)
FNF:5
FNH:4
FNDA:77,validateBody
FNDA:0,validateParams
FNDA:77,validate
FNDA:49,(anonymous_4)
FNDA:27,(anonymous_5)
DA:2,11
DA:4,11
DA:6,11
DA:7,77
DA:10,11
DA:11,0
DA:15,77
DA:16,49
DA:20,49
DA:21,39
DA:23,27
LF:11
LH:10
BRDA:20,0,0,39
BRDA:20,0,1,10
BRF:2
BRH:2
end_of_record
TN:
SF:src/repositories/address-repository/index.ts
FN:4,upsert
FNF:1
FNH:1
FNDA:2,upsert
DA:2,11
DA:5,2
DA:20,11
DA:24,11
LF:4
LH:4
BRF:0
BRH:0
end_of_record
TN:
SF:src/repositories/booking-repository/index.ts
FN:5,create
FN:9,findBookByUserId
FN:19,update
FN:28,countBookingsByRoomId
FNF:4
FNH:4
FNDA:1,create
FNDA:5,findBookByUserId
FNDA:1,update
FNDA:6,countBookingsByRoomId
DA:2,11
DA:6,1
DA:10,5
DA:20,1
DA:29,6
DA:32,11
DA:39,11
LF:7
LH:7
BRF:0
BRH:0
end_of_record
TN:
SF:src/repositories/enrollment-repository/index.ts
FN:4,findById
FN:10,findWithAddressByUserId
FN:19,upsert
FN:33,findByUserId
FNF:4
FNH:3
FNDA:0,findById
FNDA:2,findWithAddressByUserId
FNDA:2,upsert
FNDA:40,findByUserId
DA:2,11
DA:5,0
DA:11,2
DA:24,2
DA:34,40
DA:42,11
DA:49,11
LF:7
LH:6
BRF:0
BRH:0
end_of_record
TN:
SF:src/repositories/event-repository/index.ts
FN:3,findFirst
FNF:1
FNH:1
FNDA:11,findFirst
DA:1,11
DA:4,11
DA:7,11
DA:11,11
LF:4
LH:4
BRF:0
BRH:0
end_of_record
TN:
SF:src/repositories/hotel-repository/index.ts
FN:5,getHotels
FN:9,getHotelWithRooms
FNF:2
FNH:2
FNDA:2,getHotels
FNDA:2,getHotelWithRooms
DA:2,11
DA:6,2
DA:10,2
DA:23,11
DA:28,11
LF:5
LH:5
BRF:0
BRH:0
end_of_record
TN:
SF:src/repositories/payment-repository/index.ts
FN:4,findByTicketId
FN:10,create
FNF:2
FNH:2
FNDA:1,findByTicketId
FNDA:3,create
DA:2,11
DA:5,1
DA:11,3
DA:14,11
DA:19,11
LF:5
LH:5
BRF:0
BRH:0
end_of_record
TN:
SF:src/repositories/room-repository/index.ts
FN:4,findRoomById
FNF:1
FNH:1
FNDA:8,findRoomById
DA:2,11
DA:5,8
DA:8,11
DA:12,11
LF:4
LH:4
BRF:0
BRH:0
end_of_record
TN:
SF:src/repositories/session-repository/index.ts
FN:4,create
FNF:1
FNH:1
FNDA:5,create
DA:2,11
DA:5,5
DA:10,11
DA:14,11
LF:4
LH:4
BRF:0
BRH:0
end_of_record
TN:
SF:src/repositories/ticket-repository/index.ts
FN:5,findManyTicketType
FN:9,findFirstByEnrollmentId
FN:15,findUniqueTicketTypeById
FN:21,create
FN:27,updateStatus
FN:38,findTicketAllInfo
FNF:6
FNH:6
FNDA:2,findManyTicketType
FNDA:32,findFirstByEnrollmentId
FNDA:25,findUniqueTicketTypeById
FNDA:2,create
FNDA:3,updateStatus
FNDA:8,findTicketAllInfo
DA:2,11
DA:6,2
DA:10,32
DA:16,25
DA:22,2
DA:28,3
DA:39,8
DA:50,11
DA:59,11
LF:9
LH:9
BRF:0
BRH:0
end_of_record
TN:
SF:src/repositories/user-repository/index.ts
FN:4,findByEmail
FN:18,create
FNF:2
FNH:2
FNDA:16,findByEmail
FNDA:5,create
DA:2,11
DA:5,16
DA:11,16
DA:12,9
DA:15,16
DA:19,5
DA:24,11
DA:29,11
LF:8
LH:8
BRDA:11,0,0,9
BRF:1
BRH:1
end_of_record
TN:
SF:src/routers/authentication-router.ts
FNF:0
FNH:0
DA:1,11
DA:2,11
DA:3,11
DA:4,11
DA:6,11
DA:8,11
DA:10,11
LF:7
LH:7
BRF:0
BRH:0
end_of_record
TN:
SF:src/routers/bookings-router.ts
FNF:0
FNH:0
DA:1,11
DA:2,11
DA:3,11
DA:4,11
DA:6,11
DA:8,11
DA:14,11
LF:7
LH:7
BRF:0
BRH:0
end_of_record
TN:
SF:src/routers/enrollments-router.ts
FNF:0
FNH:0
DA:1,11
DA:2,11
DA:3,11
DA:4,11
DA:6,11
DA:8,11
DA:14,11
LF:7
LH:7
BRF:0
BRH:0
end_of_record
TN:
SF:src/routers/events-router.ts
FNF:0
FNH:0
DA:1,11
DA:2,11
DA:4,11
DA:6,11
DA:8,11
LF:5
LH:5
BRF:0
BRH:0
end_of_record
TN:
SF:src/routers/hotels-router.ts
FNF:0
FNH:0
DA:1,11
DA:2,11
DA:3,11
DA:5,11
DA:7,11
DA:9,11
LF:6
LH:6
BRF:0
BRH:0
end_of_record
TN:
SF:src/routers/index.ts
FNF:0
FNH:0
DA:1,11
DA:2,11
DA:3,11
DA:4,11
DA:5,11
DA:6,11
DA:7,11
LF:7
LH:7
BRF:0
BRH:0
end_of_record
TN:
SF:src/routers/payments-router.ts
FNF:0
FNH:0
DA:1,11
DA:2,11
DA:3,11
DA:4,11
DA:6,11
DA:8,11
DA:13,11
LF:7
LH:7
BRF:0
BRH:0
end_of_record
TN:
SF:src/routers/tickets-router.ts
FNF:0
FNH:0
DA:1,11
DA:2,11
DA:3,11
DA:4,11
DA:6,11
DA:8,11
DA:14,11
LF:7
LH:7
BRF:0
BRH:0
end_of_record
TN:
SF:src/routers/users-router.ts
FNF:0
FNH:0
DA:1,11
DA:3,11
DA:4,11
DA:5,11
DA:7,11
DA:9,11
DA:11,11
LF:7
LH:7
BRF:0
BRH:0
end_of_record
TN:
SF:src/schemas/authentication-schemas.ts
FNF:0
FNH:0
DA:1,14
DA:4,14
LF:2
LH:2
BRF:0
BRH:0
end_of_record
TN:
SF:src/schemas/booking-schema.ts
FNF:0
FNH:0
DA:2,14
DA:4,14
LF:2
LH:2
BRF:0
BRH:0
end_of_record
TN:
SF:src/schemas/enrollments-schemas.ts
FN:23,(anonymous_1)
FN:30,joiCpfValidation
FN:40,JoiCepValidation
FN:50,joiMobilePhoneValidation
FNF:4
FNH:4
FNDA:378,(anonymous_1)
FNDA:29,joiCpfValidation
FNDA:19,JoiCepValidation
FNDA:23,joiMobilePhoneValidation
DA:1,14
DA:2,14
DA:5,14
DA:7,14
DA:9,14
DA:11,14
DA:23,378
DA:31,29
DA:33,29
DA:34,1
DA:37,28
DA:41,19
DA:43,19
DA:44,1
DA:47,18
DA:51,23
DA:53,23
DA:54,0
DA:57,23
LF:19
LH:18
BRDA:31,0,0,0
BRDA:33,1,0,1
BRDA:41,2,0,0
BRDA:43,3,0,1
BRDA:51,4,0,0
BRDA:53,5,0,0
BRF:6
BRH:2
end_of_record
TN:
SF:src/schemas/index.ts
FNF:0
FNH:0
DA:1,14
DA:2,14
DA:3,14
DA:4,14
DA:5,14
LF:5
LH:5
BRF:0
BRH:0
end_of_record
TN:
SF:src/schemas/payments-schemas.ts
FNF:0
FNH:0
DA:1,11
DA:4,11
LF:2
LH:2
BRF:0
BRH:0
end_of_record
TN:
SF:src/schemas/tickets-schemas.ts
FNF:0
FNH:0
DA:2,14
DA:4,14
LF:2
LH:2
BRF:0
BRH:0
end_of_record
TN:
SF:src/schemas/users-schemas.ts
FNF:0
FNH:0
DA:1,14
DA:4,14
LF:2
LH:2
BRF:0
BRH:0
end_of_record
TN:
SF:src/services/index.ts
FNF:0
FNH:0
DA:1,0
DA:2,0
DA:3,0
DA:4,0
DA:5,0
LF:5
LH:0
BRF:0
BRH:0
end_of_record
TN:
SF:src/services/authentication-service/errors.ts
FN:3,invalidCredentialsError
FNF:1
FNH:1
FNDA:6,invalidCredentialsError
DA:3,11
DA:4,6
LF:2
LH:2
BRF:0
BRH:0
end_of_record
TN:
SF:src/services/authentication-service/index.ts
FN:9,signIn
FN:24,getUserOrFail
FN:31,createSession
FN:41,validatePasswordOrFail
FNF:4
FNH:4
FNDA:9,signIn
FNDA:9,getUserOrFail
FNDA:5,createSession
FNDA:7,validatePasswordOrFail
DA:2,11
DA:3,11
DA:4,11
DA:5,11
DA:6,11
DA:7,11
DA:10,9
DA:12,9
DA:14,7
DA:16,5
DA:18,5
DA:25,9
DA:26,9
DA:28,7
DA:32,5
DA:33,5
DA:38,5
DA:42,7
DA:43,7
DA:55,11
DA:59,11
DA:60,11
LF:22
LH:22
BRDA:26,0,0,2
BRDA:43,1,0,2
BRF:2
BRH:2
end_of_record
TN:
SF:src/services/booking-service/index.ts
FN:8,verifyPermissionBooking
FN:27,verifyUserBooking
FN:32,getBooking
FN:39,create
FN:47,update
FNF:5
FNH:5
FNDA:18,verifyPermissionBooking
FNDA:3,verifyUserBooking
FNDA:2,getBooking
FNDA:8,create
FNDA:10,update
DA:2,11
DA:3,11
DA:4,11
DA:5,11
DA:6,11
DA:9,18
DA:10,18
DA:12,16
DA:13,16
DA:14,14
DA:16,12
DA:17,12
DA:18,4
DA:20,8
DA:21,8
DA:23,6
DA:24,6
DA:28,3
DA:29,3
DA:33,2
DA:34,2
DA:36,1
DA:40,8
DA:42,1
DA:44,1
DA:48,10
DA:50,3
DA:52,1
DA:54,1
DA:59,11
DA:65,11
LF:31
LH:31
BRDA:10,0,0,2
BRDA:13,1,0,2
BRDA:14,2,0,2
BRDA:17,3,0,4
BRDA:17,4,0,12
BRDA:17,4,1,12
BRDA:17,4,2,10
BRDA:21,5,0,2
BRDA:24,6,0,2
BRDA:29,7,0,2
BRDA:29,8,0,3
BRDA:29,8,1,2
BRDA:34,9,0,1
BRF:13
BRH:13
end_of_record
TN:
SF:src/services/enrollments-service/index.ts
FN:9,getAddressFromCEP
FN:29,getOneWithAddressByUserId
FN:45,getFirstAddress
FN:53,createOrUpdateEnrollmentWithAddress
FN:68,getAddressForUpsert
FNF:5
FNH:5
FNDA:4,getAddressFromCEP
FNDA:2,getOneWithAddressByUserId
FNDA:1,getFirstAddress
FNDA:2,createOrUpdateEnrollmentWithAddress
FNDA:2,getAddressForUpsert
DA:2,11
DA:3,11
DA:4,11
DA:5,11
DA:6,11
DA:10,4
DA:12,4
DA:13,1
DA:16,3
DA:18,3
DA:26,3
DA:30,2
DA:32,2
DA:34,1
DA:35,1
DA:37,1
DA:46,1
DA:48,1
DA:54,2
DA:55,2
DA:57,2
DA:58,2
DA:60,0
DA:63,2
DA:65,2
DA:69,2
DA:79,11
DA:85,11
LF:28
LH:27
BRDA:12,0,0,1
BRDA:12,1,0,4
BRDA:12,1,1,3
BRDA:32,2,0,1
BRDA:39,3,0,1
BRDA:39,3,1,1
BRDA:46,4,0,0
BRDA:71,5,0,2
BRDA:71,5,1,2
BRF:9
BRH:8
end_of_record
TN:
SF:src/services/events-service/index.ts
FN:7,getFirstEvent
FN:16,isCurrentEventActive
FNF:2
FNH:2
FNDA:2,getFirstEvent
FNDA:9,isCurrentEventActive
DA:2,11
DA:3,11
DA:4,11
DA:5,11
DA:8,2
DA:9,2
DA:11,1
DA:17,9
DA:18,9
DA:20,8
DA:21,8
DA:22,8
DA:24,8
DA:27,11
DA:32,11
LF:15
LH:15
BRDA:9,0,0,1
BRDA:18,1,0,1
BRDA:24,2,0,8
BRDA:24,2,1,7
BRF:4
BRH:4
end_of_record
TN:
SF:src/services/hotels-service/index.ts
FN:7,checksBeforeGetHotelsOrRooms
FN:19,getHotels
FN:27,getHotelWithRooms
FNF:3
FNH:3
FNDA:14,checksBeforeGetHotelsOrRooms
FNDA:7,getHotels
FNDA:7,getHotelWithRooms
DA:2,11
DA:3,11
DA:4,11
DA:5,11
DA:8,14
DA:9,14
DA:11,12
DA:12,12
DA:14,10
DA:15,10
DA:16,6
DA:20,7
DA:22,2
DA:23,2
DA:24,1
DA:28,7
DA:30,2
DA:31,2
DA:32,1
DA:37,11
DA:42,11
LF:21
LH:21
BRDA:9,0,0,2
BRDA:12,1,0,2
BRDA:15,2,0,6
BRDA:15,3,0,10
BRDA:15,3,1,10
BRDA:15,3,2,8
BRDA:15,3,3,6
BRDA:23,4,0,1
BRDA:31,5,0,1
BRF:9
BRH:9
end_of_record
TN:
SF:src/services/payments-service/index.ts
FN:7,findByTicketId
FN:17,create
FNF:2
FNH:2
FNDA:4,findByTicketId
FNDA:5,create
DA:2,11
DA:3,11
DA:4,11
DA:8,4
DA:9,3
DA:10,3
DA:12,2
DA:14,1
DA:18,5
DA:19,5
DA:21,4
DA:23,3
DA:25,3
DA:32,3
DA:34,3
DA:37,11
DA:42,11
LF:17
LH:17
BRDA:8,0,0,1
BRDA:10,1,0,1
BRDA:12,2,0,1
BRDA:19,3,0,1
BRDA:21,4,0,1
BRF:5
BRH:5
end_of_record
TN:
SF:src/services/tickets-service/index.ts
FN:6,getTicketTypes
FN:11,getTicketsByUser
FN:22,create
FNF:3
FNH:3
FNDA:2,getTicketTypes
FNDA:5,getTicketsByUser
FNDA:3,create
DA:2,11
DA:3,11
DA:4,11
DA:7,2
DA:8,2
DA:12,5
DA:13,5
DA:14,4
DA:15,4
DA:16,3
DA:18,3
DA:19,3
DA:23,3
DA:24,3
DA:26,2
DA:32,2
DA:34,2
DA:43,11
DA:49,11
LF:19
LH:19
BRDA:13,0,0,1
BRDA:15,1,0,1
BRDA:24,2,0,1
BRF:3
BRH:3
end_of_record
TN:
SF:src/services/users-service/errors.ts
FN:3,duplicatedEmailError
FNF:1
FNH:1
FNDA:4,duplicatedEmailError
DA:3,11
DA:4,4
LF:2
LH:2
BRF:0
BRH:0
end_of_record
TN:
SF:src/services/users-service/index.ts
FN:8,createUser
FN:20,validateUniqueEmailOrFail
FN:27,canEnrollOrFail
FNF:3
FNH:3
FNDA:9,createUser
FNDA:7,validateUniqueEmailOrFail
FNDA:9,canEnrollOrFail
DA:2,11
DA:3,11
DA:4,11
DA:5,11
DA:6,11
DA:8,11
DA:9,9
DA:11,7
DA:13,5
DA:14,5
DA:21,7
DA:22,7
DA:23,2
DA:28,9
DA:29,9
DA:30,2
DA:36,11
DA:40,11
DA:41,11
LF:19
LH:19
BRDA:22,0,0,2
BRDA:29,1,0,2
BRF:2
BRH:2
end_of_record
TN:
SF:src/utils/prisma-utils.ts
FN:1,exclude
FNF:1
FNH:1
FNDA:12,exclude
DA:1,11
DA:2,12
DA:3,12
DA:4,18
DA:6,12
LF:5
LH:5
BRF:0
BRH:0
end_of_record
TN:
SF:src/utils/request.ts
FN:4,get
FNF:1
FNH:1
FNDA:4,get
DA:1,11
DA:2,11
DA:5,4
DA:6,4
DA:7,3
DA:9,1
DA:11,1
DA:15,11
LF:8
LH:8
BRF:0
BRH:0
end_of_record
